<component name="libraryTable">
  <library name="junit:junit:4.12" type="repository">
    <properties maven-id="junit:junit:4.12" />
    <CLASSES>
      <root url="jar://$PROJECT_DIR$/Test/junit-4.12.jar!/" />
      <root url="jar://$PROJECT_DIR$/Test/hamcrest-core-1.3.jar!/" />
    </CLASSES>
    <JAVADOC>
      <root url="jar://$PROJECT_DIR$/Test/junit-4.12-javadoc.jar!/" />
      <root url="jar://$PROJECT_DIR$/Test/hamcrest-core-1.3-javadoc.jar!/" />
    </JAVADOC>
    <SOURCES>
      <root url="jar://$PROJECT_DIR$/Test/junit-4.12-sources.jar!/" />
      <root url="jar://$PROJECT_DIR$/Test/hamcrest-core-1.3-sources.jar!/" />
    </SOURCES>
  </library>
</component>